<?xml version="1.0" encoding="UTF-8"?>
<!-- Generated by org.testng.reporters.JUnitXMLReporter -->
<testsuite ignored="0" hostname="Gowtham-PC" failures="0" tests="7" name="Default test" time="6.218" errors="0" timestamp="2023-06-18T19:07:49 EDT">
  <testcase classname="Anupama.QETechAssessment.HomePage" name="testEmailAndPasswordInputs" time="0.17"/>
  <testcase classname="Anupama.QETechAssessment.HomePage" name="testEmailAndPasswordInputs" time="0.135"/>
  <testcase classname="Anupama.QETechAssessment.HomePage" name="testListItems" time="0.051"/>
  <testcase classname="Anupama.QETechAssessment.HomePage" name="testDropdownSelection" time="0.174"/>
  <testcase classname="Anupama.QETechAssessment.HomePage" name="testButtonStatus" time="0.03"/>
  <testcase classname="Anupama.QETechAssessment.HomePage" name="testDelayedButtonClick" time="3.778"/>
  <testcase classname="Anupama.QETechAssessment.HomePage" name="testGridCellValue" time="0.017"/>
</testsuite> <!-- Default test -->
