<?xml version="1.0" encoding="UTF-8"?>
<testng-results ignored="0" total="7" passed="7" failed="0" skipped="0">
  <reporter-output>
  </reporter-output>
  <suite started-at="2023-06-18T19:07:43 EDT" name="Default suite" finished-at="2023-06-18T19:07:49 EDT" duration-ms="6218">
    <groups>
    </groups>
    <test started-at="2023-06-18T19:07:43 EDT" name="Default test" finished-at="2023-06-18T19:07:49 EDT" duration-ms="6218">
      <class name="Anupama.QETechAssessment.HomePage">
        <test-method is-config="true" signature="setUp()[pri:0, instance:Anupama.QETechAssessment.HomePage@75d3a5e0]" started-at="2023-06-18T19:07:43 EDT" name="setUp" finished-at="2023-06-18T19:07:45 EDT" duration-ms="1565" status="PASS">
          <reporter-output>
          </reporter-output>
        </test-method> <!-- setUp -->
        <test-method signature="testEmailAndPasswordInputs(java.util.HashMap)[pri:1, instance:Anupama.QETechAssessment.HomePage@75d3a5e0]" started-at="2023-06-18T19:07:45 EDT" name="testEmailAndPasswordInputs" data-provider="getData" finished-at="2023-06-18T19:07:45 EDT" duration-ms="170" status="PASS">
          <params>
            <param index="0">
              <value>
                <![CDATA[{password=test1pwd, email=test1@gmail.com}]]>
              </value>
            </param>
          </params>
          <reporter-output>
          </reporter-output>
        </test-method> <!-- testEmailAndPasswordInputs -->
        <test-method signature="testEmailAndPasswordInputs(java.util.HashMap)[pri:1, instance:Anupama.QETechAssessment.HomePage@75d3a5e0]" started-at="2023-06-18T19:07:45 EDT" name="testEmailAndPasswordInputs" data-provider="getData" finished-at="2023-06-18T19:07:45 EDT" duration-ms="135" status="PASS">
          <params>
            <param index="0">
              <value>
                <![CDATA[{password=test2pwd, email=test2@gmail.com}]]>
              </value>
            </param>
          </params>
          <reporter-output>
          </reporter-output>
        </test-method> <!-- testEmailAndPasswordInputs -->
        <test-method signature="testListItems()[pri:2, instance:Anupama.QETechAssessment.HomePage@75d3a5e0]" started-at="2023-06-18T19:07:45 EDT" name="testListItems" finished-at="2023-06-18T19:07:45 EDT" duration-ms="51" status="PASS">
          <reporter-output>
          </reporter-output>
        </test-method> <!-- testListItems -->
        <test-method signature="testDropdownSelection()[pri:3, instance:Anupama.QETechAssessment.HomePage@75d3a5e0]" started-at="2023-06-18T19:07:45 EDT" name="testDropdownSelection" finished-at="2023-06-18T19:07:45 EDT" duration-ms="174" status="PASS">
          <reporter-output>
          </reporter-output>
        </test-method> <!-- testDropdownSelection -->
        <test-method signature="testButtonStatus()[pri:4, instance:Anupama.QETechAssessment.HomePage@75d3a5e0]" started-at="2023-06-18T19:07:45 EDT" name="testButtonStatus" finished-at="2023-06-18T19:07:45 EDT" duration-ms="30" status="PASS">
          <reporter-output>
          </reporter-output>
        </test-method> <!-- testButtonStatus -->
        <test-method signature="testDelayedButtonClick()[pri:5, instance:Anupama.QETechAssessment.HomePage@75d3a5e0]" started-at="2023-06-18T19:07:45 EDT" name="testDelayedButtonClick" finished-at="2023-06-18T19:07:49 EDT" duration-ms="3778" status="PASS">
          <reporter-output>
          </reporter-output>
        </test-method> <!-- testDelayedButtonClick -->
        <test-method signature="testGridCellValue()[pri:6, instance:Anupama.QETechAssessment.HomePage@75d3a5e0]" started-at="2023-06-18T19:07:49 EDT" name="testGridCellValue" finished-at="2023-06-18T19:07:49 EDT" duration-ms="17" status="PASS">
          <reporter-output>
          </reporter-output>
        </test-method> <!-- testGridCellValue -->
        <test-method is-config="true" signature="closeBrowser()[pri:0, instance:Anupama.QETechAssessment.HomePage@75d3a5e0]" started-at="2023-06-18T19:07:49 EDT" name="closeBrowser" finished-at="2023-06-18T19:07:49 EDT" duration-ms="122" status="PASS">
          <reporter-output>
          </reporter-output>
        </test-method> <!-- closeBrowser -->
      </class> <!-- Anupama.QETechAssessment.HomePage -->
    </test> <!-- Default test -->
  </suite> <!-- Default suite -->
</testng-results>
